<?xml version="1.0" encoding="UTF-8"?>
<!-- Generated by org.testng.reporters.JUnitXMLReporter -->
<testsuite hostname="Farhan" ignored="0" name="Test" tests="4" failures="0" timestamp="2018-11-22T10:04:46 IST" time="14.474" errors="0">
  <testcase name="BrowserAutomation" time="14.39" classname="qaclickacademy.SeleniumTest"/>
  <testcase name="ElelmentsUI" time="0.001" classname="qaclickacademy.SeleniumTest"/>
  <testcase name="PostJIRA" time="0.0" classname="qaclickacademy.RESRAPITest"/>
  <testcase name="deleteTwitter" time="0.0" classname="qaclickacademy.RESRAPITest"/>
</testsuite> <!-- Test -->
