<?xml version="1.0" encoding="UTF-8"?>
<testng-results skipped="0" failed="0" ignored="0" total="4" passed="4">
  <reporter-output>
  </reporter-output>
  <suite name="Suite" duration-ms="14474" started-at="2018-11-22T10:04:31 IST" finished-at="2018-11-22T10:04:46 IST">
    <groups>
    </groups>
    <test name="Test" duration-ms="14474" started-at="2018-11-22T10:04:31 IST" finished-at="2018-11-22T10:04:46 IST">
      <class name="qaclickacademy.RESRAPITest">
        <test-method status="PASS" signature="PostJIRA()[pri:0, instance:qaclickacademy.RESRAPITest@19d1a19]" name="PostJIRA" duration-ms="0" started-at="2018-11-22T10:04:46 IST" finished-at="2018-11-22T10:04:46 IST">
          <reporter-output>
          </reporter-output>
        </test-method> <!-- PostJIRA -->
        <test-method status="PASS" signature="deleteTwitter()[pri:0, instance:qaclickacademy.RESRAPITest@19d1a19]" name="deleteTwitter" duration-ms="0" started-at="2018-11-22T10:04:46 IST" finished-at="2018-11-22T10:04:46 IST">
          <reporter-output>
          </reporter-output>
        </test-method> <!-- deleteTwitter -->
      </class> <!-- qaclickacademy.RESRAPITest -->
      <class name="qaclickacademy.SeleniumTest">
        <test-method status="PASS" signature="BrowserAutomation()[pri:0, instance:qaclickacademy.SeleniumTest@83b407]" name="BrowserAutomation" duration-ms="14390" started-at="2018-11-22T10:04:31 IST" finished-at="2018-11-22T10:04:46 IST">
          <reporter-output>
          </reporter-output>
        </test-method> <!-- BrowserAutomation -->
        <test-method status="PASS" signature="ElelmentsUI()[pri:0, instance:qaclickacademy.SeleniumTest@83b407]" name="ElelmentsUI" duration-ms="1" started-at="2018-11-22T10:04:46 IST" finished-at="2018-11-22T10:04:46 IST">
          <reporter-output>
          </reporter-output>
        </test-method> <!-- ElelmentsUI -->
      </class> <!-- qaclickacademy.SeleniumTest -->
    </test> <!-- Test -->
  </suite> <!-- Suite -->
</testng-results>
